c:\users\admin\source\repos\cauldron\_build\cauldron-gui.pdb
c:\users\admin\source\repos\cauldron\cauldron-gui\x64\release\theme.obj
c:\users\admin\source\repos\cauldron\cauldron-gui\x64\release\textinput.obj
c:\users\admin\source\repos\cauldron\cauldron-gui\x64\release\scrollbar.obj
c:\users\admin\source\repos\cauldron\cauldron-gui\x64\release\picture.obj
c:\users\admin\source\repos\cauldron\cauldron-gui\x64\release\paint.obj
c:\users\admin\source\repos\cauldron\cauldron-gui\x64\release\listbox.obj
c:\users\admin\source\repos\cauldron\cauldron-gui\x64\release\label.obj
c:\users\admin\source\repos\cauldron\cauldron-gui\x64\release\group.obj
c:\users\admin\source\repos\cauldron\cauldron-gui\x64\release\fillbar.obj
c:\users\admin\source\repos\cauldron\cauldron-gui\x64\release\defaults.obj
c:\users\admin\source\repos\cauldron\cauldron-gui\x64\release\control.obj
c:\users\admin\source\repos\cauldron\cauldron-gui\x64\release\anchored.obj
c:\users\admin\source\repos\cauldron\cauldron-gui\x64\release\checkinput.obj
c:\users\admin\source\repos\cauldron\cauldron-gui\x64\release\button.obj
c:\users\admin\source\repos\cauldron\_build\cauldron-gui.lib
c:\users\admin\source\repos\cauldron\\_build\cauldron-gui.pdb
c:\users\admin\source\repos\cauldron\cauldron-gui\x64\release\cauldron-gui.tlog\cl.command.1.tlog
c:\users\admin\source\repos\cauldron\cauldron-gui\x64\release\cauldron-gui.tlog\cl.read.1.tlog
c:\users\admin\source\repos\cauldron\cauldron-gui\x64\release\cauldron-gui.tlog\cl.write.1.tlog
c:\users\admin\source\repos\cauldron\cauldron-gui\x64\release\cauldron-gui.tlog\lib-link.read.1.tlog
c:\users\admin\source\repos\cauldron\cauldron-gui\x64\release\cauldron-gui.tlog\lib-link.write.1.tlog
c:\users\admin\source\repos\cauldron\cauldron-gui\x64\release\cauldron-gui.tlog\lib.command.1.tlog
